{"logTime": "0417/135354", "correlationVector":"qqMXqKLsfIBQ0O/A1dTjLz.1","action":"SyncServerConnectionManagerRequest", "result":"SYNC_SERVER_OK", "context":{"environment":"Prod_westeurope_prod-s01-079-eur-westeurope", "migrationStage":"NotStarted", "server":"akswtt007000062"}}
{"logTime": "0417/135354", "correlationVector":"qqMXqKLsfIBQ0O/A1dTjLz.2","action":"ProcessGetUpdates", "result":"Done", "context":{"dataType":"Encryption Keys", "deleted":"0", "process_failed_to_decrypt":"0", "process_pending_decryption":"0", "process_success":"1", "total":"1"}}
{"logTime": "0417/135355", "correlationVector":"mZVpH+SLK9riZkrl1Ea8FA","action":"SyncServerConnectionManagerRequest", "result":"SYNC_SERVER_OK", "context":{"environment":"", "migrationStage":"", "server":""}}
{"logTime": "0417/135355", "correlationVector":"mZVpH+SLK9riZkrl1Ea8FA.0","action":"EncryptionKeysFetcher.DownloadKeys:", "result":"Success", "context":Key count: 4, Last key timestamp: 2025-03-24T14:04:02Z}
{"logTime": "0417/135355", "correlationVector":"mZVpH+SLK9riZkrl1Ea8FA.1","action":"EncryptionKeysManager::SetEncryptionKeys:", "result":"Success", "context":Key names[4]:[FevbAvERuyAhbNmE4ev6giZEPKRL3W9lPLofyI8EQx3R7IFxIkVQQuFHRiJTGuiDoKkS9km+VC/Z63ab1TLVdQ==][je7DEvFl79rXJ4+OtZYXl5opwS+GsydA9wvNtI9Tw78NMYowTmgmfhG92NBSqZapyTTZZkHMmWI3Kw+xpA0jZQ==][aikg6cc6gD0pBItBmufdnAJIHvhDXO8YKOR+a0Gb025QyEdMsVLl2vJfaqVkI0TfFtkU4NW15KNxF7u3l7pGug==][0ESD9WwBILqkCc15b34hzjPjZ3Mitb/Az2JwQMnsj7FT0qRdFq0qmuydJYcEewPZ5VG9eAP4AVhvR/+5MH+qVg==]}
{"logTime": "0417/135355", "correlationVector":"mZVpH+SLK9riZkrl1Ea8FA.2","action":"EncryptionKeysManager::SetEncryptionKeysWithTimestamps:", "result":"Success", "context":Key timestamps[4]:[2021-03-10T20:43:32Z][2022-07-27T20:39:04Z][2024-09-24T19:36:14Z][2025-03-24T14:04:02Z]}
{"logTime": "0417/135355", "correlationVector":"qqMXqKLsfIBQ0O/A1dTjLz","action":"Initial GetUpdates", "result":"", "context":Reason: NEW_CLIENT. cV=qqMXqKLsfIBQ0O/A1dTjLz}
{"logTime": "0417/135355", "correlationVector":"qqMXqKLsfIBQ0O/A1dTjLz.3","action":"GetUpdates Response", "result":"Success", "context":Received 1 update(s). cV=qqMXqKLsfIBQ0O/A1dTjLz.0;server=akswtt007000062;cloudType=Consumer;environment=Prod_westeurope_prod-s01-079-eur-westeurope;migrationStage=NotStarted}
{"logTime": "0417/135355", "correlationVector":"em5RJBC3wnoxvtvRCzjB08","action":"Initial GetUpdates", "result":"", "context":Reason: NEWLY_SUPPORTED_DATATYPE. cV=em5RJBC3wnoxvtvRCzjB08}
{"logTime": "0417/135356", "correlationVector":"em5RJBC3wnoxvtvRCzjB08.1","action":"SyncServerConnectionManagerRequest", "result":"SYNC_SERVER_OK", "context":{"environment":"Prod_westeurope_prod-s01-079-eur-westeurope", "migrationStage":"NotStarted", "server":"akswtt00700005k"}}
{"logTime": "0417/135356", "correlationVector":"em5RJBC3wnoxvtvRCzjB08.2","action":"ProcessGetUpdates", "result":"Done", "context":{"dataType":"Preferences", "deleted":"0", "process_failed_to_decrypt":"0", "process_pending_decryption":"0", "process_success":"44", "total":"44"}}
{"logTime": "0417/135356", "correlationVector":"em5RJBC3wnoxvtvRCzjB08.3","action":"ProcessGetUpdates", "result":"Done", "context":{"dataType":"Device Info", "deleted":"0", "process_failed_to_decrypt":"0", "process_pending_decryption":"0", "process_success":"18", "total":"18"}}
{"logTime": "0417/135356", "correlationVector":"em5RJBC3wnoxvtvRCzjB08.4","action":"GetUpdates Response", "result":"Success", "context":Received 62 update(s). cV=em5RJBC3wnoxvtvRCzjB08.0;server=akswtt00700005k;cloudType=Consumer;environment=Prod_westeurope_prod-s01-079-eur-westeurope;migrationStage=NotStarted}
{"logTime": "0417/135356", "correlationVector":"+514jlrrLPyS36PpNyVBeW","action":"Initial GetUpdates", "result":"", "context":Reason: NEWLY_SUPPORTED_DATATYPE. cV=+514jlrrLPyS36PpNyVBeW}
{"logTime": "0417/135356", "correlationVector":"+514jlrrLPyS36PpNyVBeW.1","action":"SyncServerConnectionManagerRequest", "result":"SYNC_SERVER_OK", "context":{"environment":"Prod_westeurope_prod-s01-079-eur-westeurope", "migrationStage":"NotStarted", "server":"akswtt00700002u"}}
{"logTime": "0417/135356", "correlationVector":"+514jlrrLPyS36PpNyVBeW.2","action":"ProcessGetUpdates", "result":"Done", "context":{"dataType":"Bookmarks", "deleted":"0", "process_failed_to_decrypt":"0", "process_pending_decryption":"0", "process_success":"5", "total":"5"}}
{"logTime": "0417/135356", "correlationVector":"+514jlrrLPyS36PpNyVBeW.3","action":"GetUpdates Response", "result":"Success", "context":Received 5 update(s). cV=+514jlrrLPyS36PpNyVBeW.0;server=akswtt00700002u;cloudType=Consumer;environment=Prod_westeurope_prod-s01-079-eur-westeurope;migrationStage=NotStarted}
{"logTime": "0417/135356", "correlationVector":"DTUwcQmjU4CWiKznhpXq5S","action":"Initial GetUpdates", "result":"", "context":Reason: NEWLY_SUPPORTED_DATATYPE. cV=DTUwcQmjU4CWiKznhpXq5S}
{"logTime": "0417/135356", "correlationVector":"DTUwcQmjU4CWiKznhpXq5S.1","action":"SyncServerConnectionManagerRequest", "result":"SYNC_SERVER_OK", "context":{"environment":"Prod_westeurope_prod-s01-079-eur-westeurope", "migrationStage":"NotStarted", "server":"akswtt00700005f"}}
{"logTime": "0417/135356", "correlationVector":"DTUwcQmjU4CWiKznhpXq5S.2","action":"ProcessGetUpdates", "result":"Done", "context":{"dataType":"Autofill Profiles", "deleted":"0", "process_failed_to_decrypt":"0", "process_pending_decryption":"0", "process_success":"1", "total":"1"}}
{"logTime": "0417/135356", "correlationVector":"DTUwcQmjU4CWiKznhpXq5S.3","action":"ProcessGetUpdates", "result":"Done", "context":{"dataType":"Autofill", "deleted":"0", "process_failed_to_decrypt":"0", "process_pending_decryption":"0", "process_success":"4", "total":"4"}}
{"logTime": "0417/135356", "correlationVector":"DTUwcQmjU4CWiKznhpXq5S.4","action":"ProcessGetUpdates", "result":"Done", "context":{"dataType":"Extensions", "deleted":"0", "process_failed_to_decrypt":"0", "process_pending_decryption":"0", "process_success":"1", "total":"1"}}
{"logTime": "0417/135356", "correlationVector":"DTUwcQmjU4CWiKznhpXq5S.5","action":"ProcessGetUpdates", "result":"Done", "context":{"dataType":"Sessions", "deleted":"15", "process_failed_to_decrypt":"0", "process_pending_decryption":"0", "process_success":"25", "total":"25"}}
{"logTime": "0417/135356", "correlationVector":"DTUwcQmjU4CWiKznhpXq5S.6","action":"ProcessGetUpdates", "result":"Done", "context":{"dataType":"Edge Hub App Usage", "deleted":"0", "process_failed_to_decrypt":"0", "process_pending_decryption":"0", "process_success":"2", "total":"2"}}
{"logTime": "0417/135356", "correlationVector":"DTUwcQmjU4CWiKznhpXq5S.7","action":"GetUpdates Response", "result":"Success", "context":Received 33 update(s). cV=DTUwcQmjU4CWiKznhpXq5S.0;server=akswtt00700005f;cloudType=Consumer;environment=Prod_westeurope_prod-s01-079-eur-westeurope;migrationStage=NotStarted}
{"logTime": "0417/135356", "correlationVector":"2vSC7rpj+Wn2O8jaYvUKuV","action":"Initial GetUpdates", "result":"", "context":Reason: NEWLY_SUPPORTED_DATATYPE. cV=2vSC7rpj+Wn2O8jaYvUKuV}
{"logTime": "0417/135357", "correlationVector":"2vSC7rpj+Wn2O8jaYvUKuV.1","action":"SyncServerConnectionManagerRequest", "result":"SYNC_SERVER_OK", "context":{"environment":"Prod_westeurope_prod-s01-079-eur-westeurope", "migrationStage":"NotStarted", "server":"akswtt00700005f"}}
{"logTime": "0417/135357", "correlationVector":"2vSC7rpj+Wn2O8jaYvUKuV.2","action":"ProcessGetUpdates", "result":"Done", "context":{"dataType":"History", "deleted":"0", "process_failed_to_decrypt":"0", "process_pending_decryption":"0", "process_success":"53", "total":"53"}}
{"logTime": "0417/135357", "correlationVector":"2vSC7rpj+Wn2O8jaYvUKuV.3","action":"GetUpdates Response", "result":"Success", "context":Received 53 update(s). cV=2vSC7rpj+Wn2O8jaYvUKuV.0;server=akswtt00700005f;cloudType=Consumer;environment=Prod_westeurope_prod-s01-079-eur-westeurope;migrationStage=NotStarted}
{"logTime": "0417/135357", "correlationVector":"yztARW+HrfhBfl0lAXL14I","action":"Normal GetUpdate request", "result":"", "context":cV=yztARW+HrfhBfl0lAXL14I
Nudged types: Sessions, Device Info, User Consents
Refresh requested types: Bookmarks, Preferences, Passwords, Autofill Profiles, Autofill, Extensions, Sessions, Extension settings, History Delete Directives, Device Info, User Consents, Send Tab To Self, Web Apps, History, Saved Tab Group, Collection, Edge E Drop, Edge Hub App Usage, Edge Tab Group, Edge Wallet, Encryption Keys}
{"logTime": "0417/135357", "correlationVector":"yztARW+HrfhBfl0lAXL14I.1","action":"SyncServerConnectionManagerRequest", "result":"SYNC_SERVER_OK", "context":{"environment":"Prod_westeurope_prod-s01-079-eur-westeurope", "migrationStage":"NotStarted", "server":"akswtt007000078"}}
{"logTime": "0417/135357", "correlationVector":"yztARW+HrfhBfl0lAXL14I.2","action":"GetUpdates Response", "result":"Success", "context":Received 0 update(s). cV=yztARW+HrfhBfl0lAXL14I.0;server=akswtt007000078;cloudType=Consumer;environment=Prod_westeurope_prod-s01-079-eur-westeurope;migrationStage=NotStarted}
{"logTime": "0417/135357", "correlationVector":"jAj2CdAbEPI30p2oThAIW5","action":"DoCompareDataConsistency requsted types: ", "result":"Bookmarks, Preferences, Passwords, Extensions, Extension settings, History Delete Directives, Send Tab To Self, Web Apps, History, Saved Tab Group, Collection, Edge E Drop, Edge Tab Group, Edge Wallet, Encryption Keys"}
{"logTime": "0417/135357", "correlationVector":"jAj2CdAbEPI30p2oThAIW5.0","action":"CompareDataConsistency result: ", "result":"Compare result: Encryption Keys is consistent. local entities count is: 1 local entities hash is: rwTLTZd26WtDmCoxYCWYjuvubtA="}
{"logTime": "0417/135357", "correlationVector":"jAj2CdAbEPI30p2oThAIW5.1","action":"CompareDataConsistency result: ", "result":"Compare result: Bookmarks is consistent. local entities count is: 0 local entities hash is: "}
{"logTime": "0417/135357", "correlationVector":"jAj2CdAbEPI30p2oThAIW5.2","action":"CompareDataConsistency result: ", "result":"Compare result: Preferences is consistent. local entities count is: 44 local entities hash is: WwWvfCDiV8C3mijHYG6+Uka0nEM="}
{"logTime": "0417/135357", "correlationVector":"jAj2CdAbEPI30p2oThAIW5.3","action":"CompareDataConsistency result: ", "result":"Compare result: Extensions is consistent. local entities count is: 1 local entities hash is: K2GzAZpoIbiTgStc5ajMx+t/PuQ="}
{"logTime": "0417/135357", "correlationVector":"jAj2CdAbEPI30p2oThAIW5.4","action":"CompareDataConsistency result: ", "result":"Compare result: Extension settings is consistent. local entities count is: 0 local entities hash is: "}
{"logTime": "0417/135357", "correlationVector":"jAj2CdAbEPI30p2oThAIW5.5","action":"CompareDataConsistency result: ", "result":"Compare result: History Delete Directives is consistent. local entities count is: 0 local entities hash is: "}
{"logTime": "0417/135357", "correlationVector":"jAj2CdAbEPI30p2oThAIW5.6","action":"CompareDataConsistency result: ", "result":"Server did not send this Send Tab To Self local entities count is: 0 local entities hash is: "}
{"logTime": "0417/135357", "correlationVector":"jAj2CdAbEPI30p2oThAIW5.7","action":"CompareDataConsistency result: ", "result":"Compare result: Web Apps is consistent. local entities count is: 0 local entities hash is: "}
{"logTime": "0417/135357", "correlationVector":"jAj2CdAbEPI30p2oThAIW5.8","action":"CompareDataConsistency result: ", "result":"Server did not send this History local entities count is: 0 local entities hash is: "}
{"logTime": "0417/135357", "correlationVector":"jAj2CdAbEPI30p2oThAIW5.9","action":"CompareDataConsistency result: ", "result":"Compare result: Saved Tab Group is consistent. local entities count is: 0 local entities hash is: "}
{"logTime": "0417/135357", "correlationVector":"jAj2CdAbEPI30p2oThAIW5.10","action":"CompareDataConsistency result: ", "result":"Compare result: Collection is consistent. local entities count is: 0 local entities hash is: "}
{"logTime": "0417/135357", "correlationVector":"jAj2CdAbEPI30p2oThAIW5.11","action":"CompareDataConsistency result: ", "result":"Compare result: Edge E Drop is consistent. local entities count is: 0 local entities hash is: "}
{"logTime": "0417/135357", "correlationVector":"jAj2CdAbEPI30p2oThAIW5.12","action":"CompareDataConsistency result: ", "result":"Compare result: Edge Tab Group is consistent. local entities count is: 0 local entities hash is: "}
{"logTime": "0417/135357", "correlationVector":"jAj2CdAbEPI30p2oThAIW5.13","action":"CompareDataConsistency result: ", "result":"Compare result: Edge Wallet is consistent. local entities count is: 0 local entities hash is: "}
{"logTime": "0417/135357", "correlationVector":"jAj2CdAbEPI30p2oThAIW5.14","action":"CompareDataConsistency result: ", "result":"Compare result: Passwords is consistent. local entities count is: 0 local entities hash is: "}
{"logTime": "0417/135357", "correlationVector":"EmHRiCxbJg/Liq19cCwC1J","action":"Commit Request", "result":"", "context":Item count: 5
Contributing types: Sessions, Device Info, User Consents}
{"logTime": "0417/135358", "correlationVector":"EmHRiCxbJg/Liq19cCwC1J.1","action":"SyncServerConnectionManagerRequest", "result":"SYNC_SERVER_OK", "context":{"environment":"Prod_westeurope_prod-s01-079-eur-westeurope", "migrationStage":"NotStarted", "server":"akswtt007000002"}}
{"logTime": "0417/135358", "correlationVector":"EmHRiCxbJg/Liq19cCwC1J.2","action":"Commit Response", "result":"Success", "context":Result: Success. cV=EmHRiCxbJg/Liq19cCwC1J.0;server=akswtt007000002;cloudType=Consumer;environment=Prod_westeurope_prod-s01-079-eur-westeurope;migrationStage=NotStarted}
{"logTime": "0417/135358", "correlationVector":"","action":"DIAGNOSTIC_REQUEST|v1/diagnosticData/Diagnostic.SendCheckResult()|SUCCESS", "result":""}
